<?xml version="1.0" encoding="UTF-8"?>
<testng-results ignored="0" total="3" passed="3" failed="0" skipped="0">
  <reporter-output>
    <line>
      <![CDATA[ Hello Selenium]]>
    </line>
    <line>
      <![CDATA[Hello Java]]>
    </line>
    <line>
      <![CDATA[ Hello python]]>
    </line>
  </reporter-output>
  <suite started-at="2022-05-26T15:00:56 IST" name="Suite" finished-at="2022-05-26T15:00:56 IST" duration-ms="46">
    <groups>
    </groups>
    <test started-at="2022-05-26T15:00:56 IST" name="Test" finished-at="2022-05-26T15:00:56 IST" duration-ms="46">
      <class name="testscripts.Test3">
        <test-method signature="tc3()[pri:0, instance:testscripts.Test3@13e39c73]" started-at="2022-05-26T15:00:56 IST" name="tc3" finished-at="2022-05-26T15:00:56 IST" duration-ms="0" status="PASS">
          <reporter-output>
            <line>
              <![CDATA[ Hello python]]>
            </line>
          </reporter-output>
        </test-method> <!-- tc3 -->
      </class> <!-- testscripts.Test3 -->
      <class name="testscripts.Test0">
        <test-method signature="tc1()[pri:0, instance:testscripts.Test0@a9cd3b1]" started-at="2022-05-26T15:00:56 IST" name="tc1" finished-at="2022-05-26T15:00:56 IST" duration-ms="2" status="PASS">
          <reporter-output>
            <line>
              <![CDATA[Hello Java]]>
            </line>
          </reporter-output>
        </test-method> <!-- tc1 -->
      </class> <!-- testscripts.Test0 -->
      <class name="testscripts.Test1">
        <test-method signature="tc2()[pri:0, instance:testscripts.Test1@3e2e18f2]" started-at="2022-05-26T15:00:56 IST" name="tc2" finished-at="2022-05-26T15:00:56 IST" duration-ms="7" status="PASS">
          <reporter-output>
            <line>
              <![CDATA[ Hello Selenium]]>
            </line>
          </reporter-output>
        </test-method> <!-- tc2 -->
      </class> <!-- testscripts.Test1 -->
    </test> <!-- Test -->
  </suite> <!-- Suite -->
</testng-results>
